<?xml version="1.0" encoding="UTF-8"?>
<!-- Generated by org.testng.reporters.JUnitReportReporter -->
<testsuite skipped="0" hostname="CDC2-D-47P0N62" name="newtest.openbrowser" tests="2" failures="0" timestamp="2019-11-15T14:20:24 IST" time="6.948" errors="0">
  <testcase name="f1" time="0.871" classname="newtest.openbrowser"/>
  <testcase name="f" time="6.077" classname="newtest.openbrowser"/>
</testsuite> <!-- newtest.openbrowser -->
