<?xml version="1.0" encoding="UTF-8"?>
<!-- Generated by org.testng.reporters.JUnitReportReporter -->
<testsuite skipped="0" hostname="CDC2-D-47P0N62" name="newtest.NewTest" tests="2" failures="0" timestamp="2019-11-13T12:19:21 IST" time="20.836" errors="0">
  <testcase name="f1" time="5.959" classname="newtest.NewTest"/>
  <testcase name="f" time="14.877" classname="newtest.NewTest"/>
</testsuite> <!-- newtest.NewTest -->
